# JRE version: Java(TM) SE Runtime Environment (20.0.2+9) (build 20.0.2+9-78)
# Java VM: Java HotSpot(TM) 64-Bit Server VM (20.0.2+9-78, mixed mode, sharing, tiered, compressed oops, compressed class ptrs, g1 gc, windows-amd64)
GC Precious Log:
 CardTable entry size: 512
 Card Set container configuration: InlinePtr #cards 5 size 8 Array Of Cards #cards 12 size 40 Howl #buckets 4 coarsen threshold 1843 Howl Bitmap #cards 512 size 80 coarsen threshold 460 Card regions per heap region 1 cards per card region 2048
 CPUs: 8 total, 8 available
 Memory: 7975M
 Large Page Support: Disabled
 NUMA Support: Disabled
 Compressed Oops: Enabled (32-bit)
 Heap Region Size: 1M
 Heap Min Capacity: 256M
 Heap Initial Capacity: 256M
 Heap Max Capacity: 512M
 Pre-touch: Disabled
 Parallel Workers: 8
 Concurrent Workers: 2
 Concurrent Refinement Workers: 8
 Periodic GC: Disabled
Heap:
 garbage-first heap   total 262144K, used 192262K [0x00000000e0000000, 0x0000000100000000)
  region size 1024K, 132 young (135168K), 5 survivors (5120K)
 Metaspace       used 49335K, committed 50816K, reserved 380928K
  class space    used 6645K, committed 7360K, reserved 315392K
GC Heap History (20 events):
Event: 12.516 GC heap before
{Heap before GC invocations=19 (full 0):
 garbage-first heap   total 262144K, used 208969K [0x00000000e0000000, 0x0000000100000000)
  region size 1024K, 153 young (156672K), 7 survivors (7168K)
 Metaspace       used 46842K, committed 48256K, reserved 380928K
  class space    used 6473K, committed 7168K, reserved 315392K
}
Event: 12.520 GC heap after
{Heap after GC invocations=20 (full 0):
 garbage-first heap   total 262144K, used 58794K [0x00000000e0000000, 0x0000000100000000)
  region size 1024K, 6 young (6144K), 6 survivors (6144K)
 Metaspace       used 46842K, committed 48256K, reserved 380928K
  class space    used 6473K, committed 7168K, reserved 315392K
}
Event: 12.933 GC heap before
{Heap before GC invocations=20 (full 0):
 garbage-first heap   total 262144K, used 209322K [0x00000000e0000000, 0x0000000100000000)
  region size 1024K, 153 young (156672K), 6 survivors (6144K)
 Metaspace       used 46843K, committed 48320K, reserved 380928K
  class space    used 6473K, committed 7168K, reserved 315392K
}
Event: 12.938 GC heap after
{Heap after GC invocations=21 (full 0):
 garbage-first heap   total 262144K, used 60253K [0x00000000e0000000, 0x0000000100000000)
  region size 1024K, 8 young (8192K), 8 survivors (8192K)
 Metaspace       used 46843K, committed 48320K, reserved 380928K
  class space    used 6473K, committed 7168K, reserved 315392K
}
Event: 13.329 GC heap before
{Heap before GC invocations=21 (full 0):
 garbage-first heap   total 262144K, used 208733K [0x00000000e0000000, 0x0000000100000000)
  region size 1024K, 153 young (156672K), 8 survivors (8192K)
 Metaspace       used 46857K, committed 48320K, reserved 380928K
  class space    used 6473K, committed 7168K, reserved 315392K
}
Event: 13.333 GC heap after
{Heap after GC invocations=22 (full 0):
 garbage-first heap   total 262144K, used 61321K [0x00000000e0000000, 0x0000000100000000)
  region size 1024K, 9 young (9216K), 9 survivors (9216K)
 Metaspace       used 46857K, committed 48320K, reserved 380928K
  class space    used 6473K, committed 7168K, reserved 315392K
}
Event: 13.696 GC heap before
{Heap before GC invocations=22 (full 0):
 garbage-first heap   total 262144K, used 208777K [0x00000000e0000000, 0x0000000100000000)
  region size 1024K, 153 young (156672K), 9 survivors (9216K)
 Metaspace       used 46858K, committed 48320K, reserved 380928K
  class space    used 6473K, committed 7168K, reserved 315392K
}
Event: 13.701 GC heap after
{Heap after GC invocations=23 (full 0):
 garbage-first heap   total 262144K, used 62400K [0x00000000e0000000, 0x0000000100000000)
  region size 1024K, 10 young (10240K), 10 survivors (10240K)
 Metaspace       used 46858K, committed 48320K, reserved 380928K
  class space    used 6473K, committed 7168K, reserved 315392K
}
Event: 13.988 GC heap before
{Heap before GC invocations=23 (full 0):
 garbage-first heap   total 262144K, used 208832K [0x00000000e0000000, 0x0000000100000000)
  region size 1024K, 153 young (156672K), 10 survivors (10240K)
 Metaspace       used 46859K, committed 48320K, reserved 380928K
  class space    used 6473K, committed 7168K, reserved 315392K
}
Event: 13.993 GC heap after
{Heap after GC invocations=24 (full 0):
 garbage-first heap   total 262144K, used 63931K [0x00000000e0000000, 0x0000000100000000)
  region size 1024K, 11 young (11264K), 11 survivors (11264K)
 Metaspace       used 46859K, committed 48320K, reserved 380928K
  class space    used 6473K, committed 7168K, reserved 315392K
}
Event: 14.318 GC heap before
{Heap before GC invocations=24 (full 0):
 garbage-first heap   total 262144K, used 209339K [0x00000000e0000000, 0x0000000100000000)
  region size 1024K, 153 young (156672K), 11 survivors (11264K)
 Metaspace       used 46861K, committed 48320K, reserved 380928K
  class space    used 6473K, committed 7168K, reserved 315392K
}
Event: 14.325 GC heap after
{Heap after GC invocations=25 (full 0):
 garbage-first heap   total 262144K, used 66135K [0x00000000e0000000, 0x0000000100000000)
  region size 1024K, 13 young (13312K), 13 survivors (13312K)
 Metaspace       used 46861K, committed 48320K, reserved 380928K
  class space    used 6473K, committed 7168K, reserved 315392K
}
Event: 14.659 GC heap before
{Heap before GC invocations=25 (full 0):
 garbage-first heap   total 262144K, used 209495K [0x00000000e0000000, 0x0000000100000000)
  region size 1024K, 153 young (156672K), 13 survivors (13312K)
 Metaspace       used 46861K, committed 48320K, reserved 380928K
  class space    used 6473K, committed 7168K, reserved 315392K
}
Event: 14.667 GC heap after
{Heap after GC invocations=26 (full 0):
 garbage-first heap   total 262144K, used 67072K [0x00000000e0000000, 0x0000000100000000)
  region size 1024K, 12 young (12288K), 12 survivors (12288K)
 Metaspace       used 46861K, committed 48320K, reserved 380928K
  class space    used 6473K, committed 7168K, reserved 315392K
}
Event: 15.308 GC heap before
{Heap before GC invocations=26 (full 0):
 garbage-first heap   total 262144K, used 211456K [0x00000000e0000000, 0x0000000100000000)
  region size 1024K, 153 young (156672K), 12 survivors (12288K)
 Metaspace       used 46862K, committed 48320K, reserved 380928K
  class space    used 6473K, committed 7168K, reserved 315392K
}
Event: 15.316 GC heap after
{Heap after GC invocations=27 (full 0):
 garbage-first heap   total 262144K, used 67870K [0x00000000e0000000, 0x0000000100000000)
  region size 1024K, 10 young (10240K), 10 survivors (10240K)
 Metaspace       used 46862K, committed 48320K, reserved 380928K
  class space    used 6473K, committed 7168K, reserved 315392K
}
Event: 16.831 GC heap before
{Heap before GC invocations=27 (full 0):
 garbage-first heap   total 262144K, used 214302K [0x00000000e0000000, 0x0000000100000000)
  region size 1024K, 153 young (156672K), 10 survivors (10240K)
 Metaspace       used 46884K, committed 48320K, reserved 380928K
  class space    used 6473K, committed 7168K, reserved 315392K
}
Event: 16.834 GC heap after
{Heap after GC invocations=28 (full 0):
 garbage-first heap   total 262144K, used 56536K [0x00000000e0000000, 0x0000000100000000)
  region size 1024K, 2 young (2048K), 2 survivors (2048K)
 Metaspace       used 46884K, committed 48320K, reserved 380928K
  class space    used 6473K, committed 7168K, reserved 315392K
}
Event: 17.131 GC heap before
{Heap before GC invocations=28 (full 0):
 garbage-first heap   total 262144K, used 211160K [0x00000000e0000000, 0x0000000100000000)
  region size 1024K, 153 young (156672K), 2 survivors (2048K)
 Metaspace       used 46916K, committed 48320K, reserved 380928K
  class space    used 6477K, committed 7168K, reserved 315392K
}
Event: 17.134 GC heap after
{Heap after GC invocations=29 (full 0):
 garbage-first heap   total 262144K, used 59142K [0x00000000e0000000, 0x0000000100000000)
  region size 1024K, 5 young (5120K), 5 survivors (5120K)
 Metaspace       used 46916K, committed 48320K, reserved 380928K
  class space    used 6477K, committed 7168K, reserved 315392K
}

